[2024-07-29 21:43:17] development.ERROR: InvalidArgumentException: View [errors.500] not found. in /Applications/XAMPP/xamppfiles/htdocs/project/logsnew/core/vendor/laravel/framework/src/Illuminate/View/FileViewFinder.php:137
Stack trace:
#0 /Applications/XAMPP/xamppfiles/htdocs/project/logsnew/core/vendor/laravel/framework/src/Illuminate/View/FileViewFinder.php(79): Illuminate\View\FileViewFinder->findInPaths('errors.500', Array)
#1 /Applications/XAMPP/xamppfiles/htdocs/project/logsnew/core/vendor/laravel/framework/src/Illuminate/View/Factory.php(137): Illuminate\View\FileViewFinder->find('errors.500')
#2 /Applications/XAMPP/xamppfiles/htdocs/project/logsnew/core/vendor/laravel/framework/src/Illuminate/Foundation/helpers.php(1035): Illuminate\View\Factory->make('errors.500', Array, Array)
#3 /Applications/XAMPP/xamppfiles/htdocs/project/logsnew/core/app/Exceptions/Handler.php(73): view('errors.500')
#4 /Applications/XAMPP/xamppfiles/htdocs/project/logsnew/core/app/Exceptions/Handler.php(44): App\Exceptions\Handler->sendEmail(Object(Illuminate\Database\QueryException))
#5 [internal function]: App\Exceptions\Handler->App\Exceptions\{closure}(Object(Illuminate\Database\QueryException))
#6 /Applications/XAMPP/xamppfiles/htdocs/project/logsnew/core/vendor/laravel/framework/src/Illuminate/Foundation/Exceptions/ReportableHandler.php(45): call_user_func(Object(Closure), Object(Illuminate\Database\QueryException))
#7 /Applications/XAMPP/xamppfiles/htdocs/project/logsnew/core/vendor/laravel/framework/src/Illuminate/Foundation/Exceptions/Handler.php(256): Illuminate\Foundation\Exceptions\ReportableHandler->__invoke(Object(Illuminate\Database\QueryException))
#8 /Applications/XAMPP/xamppfiles/htdocs/project/logsnew/core/vendor/nunomaduro/collision/src/Adapters/Laravel/ExceptionHandler.php(46): Illuminate\Foundation\Exceptions\Handler->report(Object(Illuminate\Database\QueryException))
#9 /Applications/XAMPP/xamppfiles/htdocs/project/logsnew/core/vendor/laravel/framework/src/Illuminate/Foundation/Console/Kernel.php(454): NunoMaduro\Collision\Adapters\Laravel\ExceptionHandler->report(Object(Illuminate\Database\QueryException))
#10 /Applications/XAMPP/xamppfiles/htdocs/project/logsnew/core/vendor/laravel/framework/src/Illuminate/Foundation/Console/Kernel.php(157): Illuminate\Foundation\Console\Kernel->reportException(Object(Illuminate\Database\QueryException))
#11 /Applications/XAMPP/xamppfiles/htdocs/project/logsnew/core/artisan(35): Illuminate\Foundation\Console\Kernel->handle(Object(Symfony\Component\Console\Input\ArgvInput), Object(Symfony\Component\Console\Output\ConsoleOutput))
#12 {main}  
[2024-07-29 21:43:17] development.ERROR: SQLSTATE[HY000] [2002] No such file or directory (SQL: select * from `general_settings` limit 1) {"exception":"[object] (Illuminate\\Database\\QueryException(code: 2002): SQLSTATE[HY000] [2002] No such file or directory (SQL: select * from `general_settings` limit 1) at /Applications/XAMPP/xamppfiles/htdocs/project/logsnew/core/vendor/laravel/framework/src/Illuminate/Database/Connection.php:760)
[stacktrace]
#0 /Applications/XAMPP/xamppfiles/htdocs/project/logsnew/core/vendor/laravel/framework/src/Illuminate/Database/Connection.php(899): Illuminate\\Database\\Connection->runQueryCallback('select * from `...', Array, Object(Closure))
#1 /Applications/XAMPP/xamppfiles/htdocs/project/logsnew/core/vendor/laravel/framework/src/Illuminate/Database/Connection.php(878): Illuminate\\Database\\Connection->tryAgainIfCausedByLostConnection(Object(Illuminate\\Database\\QueryException), 'select * from `...', Array, Object(Closure))
#2 /Applications/XAMPP/xamppfiles/htdocs/project/logsnew/core/vendor/laravel/framework/src/Illuminate/Database/Connection.php(722): Illuminate\\Database\\Connection->handleQueryException(Object(Illuminate\\Database\\QueryException), 'select * from `...', Array, Object(Closure))
#3 /Applications/XAMPP/xamppfiles/htdocs/project/logsnew/core/vendor/laravel/framework/src/Illuminate/Database/Connection.php(405): Illuminate\\Database\\Connection->run('select * from `...', Array, Object(Closure))
#4 /Applications/XAMPP/xamppfiles/htdocs/project/logsnew/core/vendor/laravel/framework/src/Illuminate/Database/Query/Builder.php(2705): Illuminate\\Database\\Connection->select('select * from `...', Array, true)
#5 /Applications/XAMPP/xamppfiles/htdocs/project/logsnew/core/vendor/laravel/framework/src/Illuminate/Database/Query/Builder.php(2694): Illuminate\\Database\\Query\\Builder->runSelect()
#6 /Applications/XAMPP/xamppfiles/htdocs/project/logsnew/core/vendor/laravel/framework/src/Illuminate/Database/Query/Builder.php(3230): Illuminate\\Database\\Query\\Builder->Illuminate\\Database\\Query\\{closure}()
#7 /Applications/XAMPP/xamppfiles/htdocs/project/logsnew/core/vendor/laravel/framework/src/Illuminate/Database/Query/Builder.php(2693): Illuminate\\Database\\Query\\Builder->onceWithColumns(Array, Object(Closure))
#8 /Applications/XAMPP/xamppfiles/htdocs/project/logsnew/core/vendor/laravel/framework/src/Illuminate/Database/Eloquent/Builder.php(710): Illuminate\\Database\\Query\\Builder->get(Array)
#9 /Applications/XAMPP/xamppfiles/htdocs/project/logsnew/core/vendor/laravel/framework/src/Illuminate/Database/Eloquent/Builder.php(694): Illuminate\\Database\\Eloquent\\Builder->getModels(Array)
#10 /Applications/XAMPP/xamppfiles/htdocs/project/logsnew/core/vendor/laravel/framework/src/Illuminate/Database/Concerns/BuildsQueries.php(296): Illuminate\\Database\\Eloquent\\Builder->get(Array)
#11 /Applications/XAMPP/xamppfiles/htdocs/project/logsnew/core/vendor/laravel/framework/src/Illuminate/Support/Traits/ForwardsCalls.php(23): Illuminate\\Database\\Eloquent\\Builder->first()
#12 /Applications/XAMPP/xamppfiles/htdocs/project/logsnew/core/vendor/laravel/framework/src/Illuminate/Database/Eloquent/Model.php(2330): Illuminate\\Database\\Eloquent\\Model->forwardCallTo(Object(Illuminate\\Database\\Eloquent\\Builder), 'first', Array)
#13 /Applications/XAMPP/xamppfiles/htdocs/project/logsnew/core/vendor/laravel/framework/src/Illuminate/Database/Eloquent/Model.php(2342): Illuminate\\Database\\Eloquent\\Model->__call('first', Array)
#14 /Applications/XAMPP/xamppfiles/htdocs/project/logsnew/core/app/Http/Helpers/helpers.php(408): Illuminate\\Database\\Eloquent\\Model::__callStatic('first', Array)
#15 /Applications/XAMPP/xamppfiles/htdocs/project/logsnew/core/app/Providers/AppServiceProvider.php(46): gs()
#16 /Applications/XAMPP/xamppfiles/htdocs/project/logsnew/core/vendor/laravel/framework/src/Illuminate/Container/BoundMethod.php(36): App\\Providers\\AppServiceProvider->boot()
#17 /Applications/XAMPP/xamppfiles/htdocs/project/logsnew/core/vendor/laravel/framework/src/Illuminate/Container/Util.php(41): Illuminate\\Container\\BoundMethod::Illuminate\\Container\\{closure}()
#18 /Applications/XAMPP/xamppfiles/htdocs/project/logsnew/core/vendor/laravel/framework/src/Illuminate/Container/BoundMethod.php(93): Illuminate\\Container\\Util::unwrapIfClosure(Object(Closure))
#19 /Applications/XAMPP/xamppfiles/htdocs/project/logsnew/core/vendor/laravel/framework/src/Illuminate/Container/BoundMethod.php(35): Illuminate\\Container\\BoundMethod::callBoundMethod(Object(Illuminate\\Foundation\\Application), Array, Object(Closure))
#20 /Applications/XAMPP/xamppfiles/htdocs/project/logsnew/core/vendor/laravel/framework/src/Illuminate/Container/Container.php(661): Illuminate\\Container\\BoundMethod::call(Object(Illuminate\\Foundation\\Application), Array, Array, NULL)
#21 /Applications/XAMPP/xamppfiles/htdocs/project/logsnew/core/vendor/laravel/framework/src/Illuminate/Foundation/Application.php(929): Illuminate\\Container\\Container->call(Array)
#22 /Applications/XAMPP/xamppfiles/htdocs/project/logsnew/core/vendor/laravel/framework/src/Illuminate/Foundation/Application.php(910): Illuminate\\Foundation\\Application->bootProvider(Object(App\\Providers\\AppServiceProvider))
#23 [internal function]: Illuminate\\Foundation\\Application->Illuminate\\Foundation\\{closure}(Object(App\\Providers\\AppServiceProvider), 30)
#24 /Applications/XAMPP/xamppfiles/htdocs/project/logsnew/core/vendor/laravel/framework/src/Illuminate/Foundation/Application.php(909): array_walk(Array, Object(Closure))
#25 /Applications/XAMPP/xamppfiles/htdocs/project/logsnew/core/vendor/laravel/framework/src/Illuminate/Foundation/Bootstrap/BootProviders.php(17): Illuminate\\Foundation\\Application->boot()
#26 /Applications/XAMPP/xamppfiles/htdocs/project/logsnew/core/vendor/laravel/framework/src/Illuminate/Foundation/Application.php(242): Illuminate\\Foundation\\Bootstrap\\BootProviders->bootstrap(Object(Illuminate\\Foundation\\Application))
#27 /Applications/XAMPP/xamppfiles/htdocs/project/logsnew/core/vendor/laravel/framework/src/Illuminate/Foundation/Console/Kernel.php(383): Illuminate\\Foundation\\Application->bootstrapWith(Array)
#28 /Applications/XAMPP/xamppfiles/htdocs/project/logsnew/core/vendor/laravel/framework/src/Illuminate/Foundation/Console/Kernel.php(153): Illuminate\\Foundation\\Console\\Kernel->bootstrap()
#29 /Applications/XAMPP/xamppfiles/htdocs/project/logsnew/core/artisan(35): Illuminate\\Foundation\\Console\\Kernel->handle(Object(Symfony\\Component\\Console\\Input\\ArgvInput), Object(Symfony\\Component\\Console\\Output\\ConsoleOutput))
#30 {main}

[previous exception] [object] (PDOException(code: 2002): SQLSTATE[HY000] [2002] No such file or directory at /Applications/XAMPP/xamppfiles/htdocs/project/logsnew/core/vendor/laravel/framework/src/Illuminate/Database/Connectors/Connector.php:70)
[stacktrace]
#0 /Applications/XAMPP/xamppfiles/htdocs/project/logsnew/core/vendor/laravel/framework/src/Illuminate/Database/Connectors/Connector.php(70): PDO->__construct('mysql:host=loca...', 'root', Object(SensitiveParameterValue), Array)
#1 /Applications/XAMPP/xamppfiles/htdocs/project/logsnew/core/vendor/laravel/framework/src/Illuminate/Database/Connectors/Connector.php(100): Illuminate\\Database\\Connectors\\Connector->createPdoConnection('mysql:host=loca...', 'root', '', Array)
#2 /Applications/XAMPP/xamppfiles/htdocs/project/logsnew/core/vendor/laravel/framework/src/Illuminate/Database/Connectors/Connector.php(49): Illuminate\\Database\\Connectors\\Connector->tryAgainIfCausedByLostConnection(Object(PDOException), 'mysql:host=loca...', 'root', '', Array)
#3 /Applications/XAMPP/xamppfiles/htdocs/project/logsnew/core/vendor/laravel/framework/src/Illuminate/Database/Connectors/MySqlConnector.php(24): Illuminate\\Database\\Connectors\\Connector->createConnection('mysql:host=loca...', Array, Array)
#4 /Applications/XAMPP/xamppfiles/htdocs/project/logsnew/core/vendor/laravel/framework/src/Illuminate/Database/Connectors/ConnectionFactory.php(184): Illuminate\\Database\\Connectors\\MySqlConnector->connect(Array)
#5 [internal function]: Illuminate\\Database\\Connectors\\ConnectionFactory->Illuminate\\Database\\Connectors\\{closure}()
#6 /Applications/XAMPP/xamppfiles/htdocs/project/logsnew/core/vendor/laravel/framework/src/Illuminate/Database/Connection.php(1181): call_user_func(Object(Closure))
#7 /Applications/XAMPP/xamppfiles/htdocs/project/logsnew/core/vendor/laravel/framework/src/Illuminate/Database/Connection.php(1217): Illuminate\\Database\\Connection->getPdo()
#8 /Applications/XAMPP/xamppfiles/htdocs/project/logsnew/core/vendor/laravel/framework/src/Illuminate/Database/Connection.php(486): Illuminate\\Database\\Connection->getReadPdo()
#9 /Applications/XAMPP/xamppfiles/htdocs/project/logsnew/core/vendor/laravel/framework/src/Illuminate/Database/Connection.php(414): Illuminate\\Database\\Connection->getPdoForSelect(true)
#10 /Applications/XAMPP/xamppfiles/htdocs/project/logsnew/core/vendor/laravel/framework/src/Illuminate/Database/Connection.php(753): Illuminate\\Database\\Connection->Illuminate\\Database\\{closure}('select * from `...', Array)
#11 /Applications/XAMPP/xamppfiles/htdocs/project/logsnew/core/vendor/laravel/framework/src/Illuminate/Database/Connection.php(899): Illuminate\\Database\\Connection->runQueryCallback('select * from `...', Array, Object(Closure))
#12 /Applications/XAMPP/xamppfiles/htdocs/project/logsnew/core/vendor/laravel/framework/src/Illuminate/Database/Connection.php(878): Illuminate\\Database\\Connection->tryAgainIfCausedByLostConnection(Object(Illuminate\\Database\\QueryException), 'select * from `...', Array, Object(Closure))
#13 /Applications/XAMPP/xamppfiles/htdocs/project/logsnew/core/vendor/laravel/framework/src/Illuminate/Database/Connection.php(722): Illuminate\\Database\\Connection->handleQueryException(Object(Illuminate\\Database\\QueryException), 'select * from `...', Array, Object(Closure))
#14 /Applications/XAMPP/xamppfiles/htdocs/project/logsnew/core/vendor/laravel/framework/src/Illuminate/Database/Connection.php(405): Illuminate\\Database\\Connection->run('select * from `...', Array, Object(Closure))
#15 /Applications/XAMPP/xamppfiles/htdocs/project/logsnew/core/vendor/laravel/framework/src/Illuminate/Database/Query/Builder.php(2705): Illuminate\\Database\\Connection->select('select * from `...', Array, true)
#16 /Applications/XAMPP/xamppfiles/htdocs/project/logsnew/core/vendor/laravel/framework/src/Illuminate/Database/Query/Builder.php(2694): Illuminate\\Database\\Query\\Builder->runSelect()
#17 /Applications/XAMPP/xamppfiles/htdocs/project/logsnew/core/vendor/laravel/framework/src/Illuminate/Database/Query/Builder.php(3230): Illuminate\\Database\\Query\\Builder->Illuminate\\Database\\Query\\{closure}()
#18 /Applications/XAMPP/xamppfiles/htdocs/project/logsnew/core/vendor/laravel/framework/src/Illuminate/Database/Query/Builder.php(2693): Illuminate\\Database\\Query\\Builder->onceWithColumns(Array, Object(Closure))
#19 /Applications/XAMPP/xamppfiles/htdocs/project/logsnew/core/vendor/laravel/framework/src/Illuminate/Database/Eloquent/Builder.php(710): Illuminate\\Database\\Query\\Builder->get(Array)
#20 /Applications/XAMPP/xamppfiles/htdocs/project/logsnew/core/vendor/laravel/framework/src/Illuminate/Database/Eloquent/Builder.php(694): Illuminate\\Database\\Eloquent\\Builder->getModels(Array)
#21 /Applications/XAMPP/xamppfiles/htdocs/project/logsnew/core/vendor/laravel/framework/src/Illuminate/Database/Concerns/BuildsQueries.php(296): Illuminate\\Database\\Eloquent\\Builder->get(Array)
#22 /Applications/XAMPP/xamppfiles/htdocs/project/logsnew/core/vendor/laravel/framework/src/Illuminate/Support/Traits/ForwardsCalls.php(23): Illuminate\\Database\\Eloquent\\Builder->first()
#23 /Applications/XAMPP/xamppfiles/htdocs/project/logsnew/core/vendor/laravel/framework/src/Illuminate/Database/Eloquent/Model.php(2330): Illuminate\\Database\\Eloquent\\Model->forwardCallTo(Object(Illuminate\\Database\\Eloquent\\Builder), 'first', Array)
#24 /Applications/XAMPP/xamppfiles/htdocs/project/logsnew/core/vendor/laravel/framework/src/Illuminate/Database/Eloquent/Model.php(2342): Illuminate\\Database\\Eloquent\\Model->__call('first', Array)
#25 /Applications/XAMPP/xamppfiles/htdocs/project/logsnew/core/app/Http/Helpers/helpers.php(408): Illuminate\\Database\\Eloquent\\Model::__callStatic('first', Array)
#26 /Applications/XAMPP/xamppfiles/htdocs/project/logsnew/core/app/Providers/AppServiceProvider.php(46): gs()
#27 /Applications/XAMPP/xamppfiles/htdocs/project/logsnew/core/vendor/laravel/framework/src/Illuminate/Container/BoundMethod.php(36): App\\Providers\\AppServiceProvider->boot()
#28 /Applications/XAMPP/xamppfiles/htdocs/project/logsnew/core/vendor/laravel/framework/src/Illuminate/Container/Util.php(41): Illuminate\\Container\\BoundMethod::Illuminate\\Container\\{closure}()
#29 /Applications/XAMPP/xamppfiles/htdocs/project/logsnew/core/vendor/laravel/framework/src/Illuminate/Container/BoundMethod.php(93): Illuminate\\Container\\Util::unwrapIfClosure(Object(Closure))
#30 /Applications/XAMPP/xamppfiles/htdocs/project/logsnew/core/vendor/laravel/framework/src/Illuminate/Container/BoundMethod.php(35): Illuminate\\Container\\BoundMethod::callBoundMethod(Object(Illuminate\\Foundation\\Application), Array, Object(Closure))
#31 /Applications/XAMPP/xamppfiles/htdocs/project/logsnew/core/vendor/laravel/framework/src/Illuminate/Container/Container.php(661): Illuminate\\Container\\BoundMethod::call(Object(Illuminate\\Foundation\\Application), Array, Array, NULL)
#32 /Applications/XAMPP/xamppfiles/htdocs/project/logsnew/core/vendor/laravel/framework/src/Illuminate/Foundation/Application.php(929): Illuminate\\Container\\Container->call(Array)
#33 /Applications/XAMPP/xamppfiles/htdocs/project/logsnew/core/vendor/laravel/framework/src/Illuminate/Foundation/Application.php(910): Illuminate\\Foundation\\Application->bootProvider(Object(App\\Providers\\AppServiceProvider))
#34 [internal function]: Illuminate\\Foundation\\Application->Illuminate\\Foundation\\{closure}(Object(App\\Providers\\AppServiceProvider), 30)
#35 /Applications/XAMPP/xamppfiles/htdocs/project/logsnew/core/vendor/laravel/framework/src/Illuminate/Foundation/Application.php(909): array_walk(Array, Object(Closure))
#36 /Applications/XAMPP/xamppfiles/htdocs/project/logsnew/core/vendor/laravel/framework/src/Illuminate/Foundation/Bootstrap/BootProviders.php(17): Illuminate\\Foundation\\Application->boot()
#37 /Applications/XAMPP/xamppfiles/htdocs/project/logsnew/core/vendor/laravel/framework/src/Illuminate/Foundation/Application.php(242): Illuminate\\Foundation\\Bootstrap\\BootProviders->bootstrap(Object(Illuminate\\Foundation\\Application))
#38 /Applications/XAMPP/xamppfiles/htdocs/project/logsnew/core/vendor/laravel/framework/src/Illuminate/Foundation/Console/Kernel.php(383): Illuminate\\Foundation\\Application->bootstrapWith(Array)
#39 /Applications/XAMPP/xamppfiles/htdocs/project/logsnew/core/vendor/laravel/framework/src/Illuminate/Foundation/Console/Kernel.php(153): Illuminate\\Foundation\\Console\\Kernel->bootstrap()
#40 /Applications/XAMPP/xamppfiles/htdocs/project/logsnew/core/artisan(35): Illuminate\\Foundation\\Console\\Kernel->handle(Object(Symfony\\Component\\Console\\Input\\ArgvInput), Object(Symfony\\Component\\Console\\Output\\ConsoleOutput))
#41 {main}
"} 
[2024-07-29 21:43:44] development.ERROR: InvalidArgumentException: View [errors.500] not found. in /Applications/XAMPP/xamppfiles/htdocs/project/logsnew/core/vendor/laravel/framework/src/Illuminate/View/FileViewFinder.php:137
Stack trace:
#0 /Applications/XAMPP/xamppfiles/htdocs/project/logsnew/core/vendor/laravel/framework/src/Illuminate/View/FileViewFinder.php(79): Illuminate\View\FileViewFinder->findInPaths('errors.500', Array)
#1 /Applications/XAMPP/xamppfiles/htdocs/project/logsnew/core/vendor/laravel/framework/src/Illuminate/View/Factory.php(137): Illuminate\View\FileViewFinder->find('errors.500')
#2 /Applications/XAMPP/xamppfiles/htdocs/project/logsnew/core/vendor/laravel/framework/src/Illuminate/Foundation/helpers.php(1035): Illuminate\View\Factory->make('errors.500', Array, Array)
#3 /Applications/XAMPP/xamppfiles/htdocs/project/logsnew/core/app/Exceptions/Handler.php(73): view('errors.500')
#4 /Applications/XAMPP/xamppfiles/htdocs/project/logsnew/core/app/Exceptions/Handler.php(44): App\Exceptions\Handler->sendEmail(Object(Illuminate\Database\QueryException))
#5 [internal function]: App\Exceptions\Handler->App\Exceptions\{closure}(Object(Illuminate\Database\QueryException))
#6 /Applications/XAMPP/xamppfiles/htdocs/project/logsnew/core/vendor/laravel/framework/src/Illuminate/Foundation/Exceptions/ReportableHandler.php(45): call_user_func(Object(Closure), Object(Illuminate\Database\QueryException))
#7 /Applications/XAMPP/xamppfiles/htdocs/project/logsnew/core/vendor/laravel/framework/src/Illuminate/Foundation/Exceptions/Handler.php(256): Illuminate\Foundation\Exceptions\ReportableHandler->__invoke(Object(Illuminate\Database\QueryException))
#8 /Applications/XAMPP/xamppfiles/htdocs/project/logsnew/core/vendor/nunomaduro/collision/src/Adapters/Laravel/ExceptionHandler.php(46): Illuminate\Foundation\Exceptions\Handler->report(Object(Illuminate\Database\QueryException))
#9 /Applications/XAMPP/xamppfiles/htdocs/project/logsnew/core/vendor/laravel/framework/src/Illuminate/Foundation/Console/Kernel.php(454): NunoMaduro\Collision\Adapters\Laravel\ExceptionHandler->report(Object(Illuminate\Database\QueryException))
#10 /Applications/XAMPP/xamppfiles/htdocs/project/logsnew/core/vendor/laravel/framework/src/Illuminate/Foundation/Console/Kernel.php(157): Illuminate\Foundation\Console\Kernel->reportException(Object(Illuminate\Database\QueryException))
#11 /Applications/XAMPP/xamppfiles/htdocs/project/logsnew/core/artisan(35): Illuminate\Foundation\Console\Kernel->handle(Object(Symfony\Component\Console\Input\ArgvInput), Object(Symfony\Component\Console\Output\ConsoleOutput))
#12 {main}  
[2024-07-29 21:43:44] development.ERROR: SQLSTATE[HY000] [2002] No such file or directory (SQL: select * from `general_settings` limit 1) {"exception":"[object] (Illuminate\\Database\\QueryException(code: 2002): SQLSTATE[HY000] [2002] No such file or directory (SQL: select * from `general_settings` limit 1) at /Applications/XAMPP/xamppfiles/htdocs/project/logsnew/core/vendor/laravel/framework/src/Illuminate/Database/Connection.php:760)
[stacktrace]
#0 /Applications/XAMPP/xamppfiles/htdocs/project/logsnew/core/vendor/laravel/framework/src/Illuminate/Database/Connection.php(899): Illuminate\\Database\\Connection->runQueryCallback('select * from `...', Array, Object(Closure))
#1 /Applications/XAMPP/xamppfiles/htdocs/project/logsnew/core/vendor/laravel/framework/src/Illuminate/Database/Connection.php(878): Illuminate\\Database\\Connection->tryAgainIfCausedByLostConnection(Object(Illuminate\\Database\\QueryException), 'select * from `...', Array, Object(Closure))
#2 /Applications/XAMPP/xamppfiles/htdocs/project/logsnew/core/vendor/laravel/framework/src/Illuminate/Database/Connection.php(722): Illuminate\\Database\\Connection->handleQueryException(Object(Illuminate\\Database\\QueryException), 'select * from `...', Array, Object(Closure))
#3 /Applications/XAMPP/xamppfiles/htdocs/project/logsnew/core/vendor/laravel/framework/src/Illuminate/Database/Connection.php(405): Illuminate\\Database\\Connection->run('select * from `...', Array, Object(Closure))
#4 /Applications/XAMPP/xamppfiles/htdocs/project/logsnew/core/vendor/laravel/framework/src/Illuminate/Database/Query/Builder.php(2705): Illuminate\\Database\\Connection->select('select * from `...', Array, true)
#5 /Applications/XAMPP/xamppfiles/htdocs/project/logsnew/core/vendor/laravel/framework/src/Illuminate/Database/Query/Builder.php(2694): Illuminate\\Database\\Query\\Builder->runSelect()
#6 /Applications/XAMPP/xamppfiles/htdocs/project/logsnew/core/vendor/laravel/framework/src/Illuminate/Database/Query/Builder.php(3230): Illuminate\\Database\\Query\\Builder->Illuminate\\Database\\Query\\{closure}()
#7 /Applications/XAMPP/xamppfiles/htdocs/project/logsnew/core/vendor/laravel/framework/src/Illuminate/Database/Query/Builder.php(2693): Illuminate\\Database\\Query\\Builder->onceWithColumns(Array, Object(Closure))
#8 /Applications/XAMPP/xamppfiles/htdocs/project/logsnew/core/vendor/laravel/framework/src/Illuminate/Database/Eloquent/Builder.php(710): Illuminate\\Database\\Query\\Builder->get(Array)
#9 /Applications/XAMPP/xamppfiles/htdocs/project/logsnew/core/vendor/laravel/framework/src/Illuminate/Database/Eloquent/Builder.php(694): Illuminate\\Database\\Eloquent\\Builder->getModels(Array)
#10 /Applications/XAMPP/xamppfiles/htdocs/project/logsnew/core/vendor/laravel/framework/src/Illuminate/Database/Concerns/BuildsQueries.php(296): Illuminate\\Database\\Eloquent\\Builder->get(Array)
#11 /Applications/XAMPP/xamppfiles/htdocs/project/logsnew/core/vendor/laravel/framework/src/Illuminate/Support/Traits/ForwardsCalls.php(23): Illuminate\\Database\\Eloquent\\Builder->first()
#12 /Applications/XAMPP/xamppfiles/htdocs/project/logsnew/core/vendor/laravel/framework/src/Illuminate/Database/Eloquent/Model.php(2330): Illuminate\\Database\\Eloquent\\Model->forwardCallTo(Object(Illuminate\\Database\\Eloquent\\Builder), 'first', Array)
#13 /Applications/XAMPP/xamppfiles/htdocs/project/logsnew/core/vendor/laravel/framework/src/Illuminate/Database/Eloquent/Model.php(2342): Illuminate\\Database\\Eloquent\\Model->__call('first', Array)
#14 /Applications/XAMPP/xamppfiles/htdocs/project/logsnew/core/app/Http/Helpers/helpers.php(408): Illuminate\\Database\\Eloquent\\Model::__callStatic('first', Array)
#15 /Applications/XAMPP/xamppfiles/htdocs/project/logsnew/core/app/Providers/AppServiceProvider.php(46): gs()
#16 /Applications/XAMPP/xamppfiles/htdocs/project/logsnew/core/vendor/laravel/framework/src/Illuminate/Container/BoundMethod.php(36): App\\Providers\\AppServiceProvider->boot()
#17 /Applications/XAMPP/xamppfiles/htdocs/project/logsnew/core/vendor/laravel/framework/src/Illuminate/Container/Util.php(41): Illuminate\\Container\\BoundMethod::Illuminate\\Container\\{closure}()
#18 /Applications/XAMPP/xamppfiles/htdocs/project/logsnew/core/vendor/laravel/framework/src/Illuminate/Container/BoundMethod.php(93): Illuminate\\Container\\Util::unwrapIfClosure(Object(Closure))
#19 /Applications/XAMPP/xamppfiles/htdocs/project/logsnew/core/vendor/laravel/framework/src/Illuminate/Container/BoundMethod.php(35): Illuminate\\Container\\BoundMethod::callBoundMethod(Object(Illuminate\\Foundation\\Application), Array, Object(Closure))
#20 /Applications/XAMPP/xamppfiles/htdocs/project/logsnew/core/vendor/laravel/framework/src/Illuminate/Container/Container.php(661): Illuminate\\Container\\BoundMethod::call(Object(Illuminate\\Foundation\\Application), Array, Array, NULL)
#21 /Applications/XAMPP/xamppfiles/htdocs/project/logsnew/core/vendor/laravel/framework/src/Illuminate/Foundation/Application.php(929): Illuminate\\Container\\Container->call(Array)
#22 /Applications/XAMPP/xamppfiles/htdocs/project/logsnew/core/vendor/laravel/framework/src/Illuminate/Foundation/Application.php(910): Illuminate\\Foundation\\Application->bootProvider(Object(App\\Providers\\AppServiceProvider))
#23 [internal function]: Illuminate\\Foundation\\Application->Illuminate\\Foundation\\{closure}(Object(App\\Providers\\AppServiceProvider), 30)
#24 /Applications/XAMPP/xamppfiles/htdocs/project/logsnew/core/vendor/laravel/framework/src/Illuminate/Foundation/Application.php(909): array_walk(Array, Object(Closure))
#25 /Applications/XAMPP/xamppfiles/htdocs/project/logsnew/core/vendor/laravel/framework/src/Illuminate/Foundation/Bootstrap/BootProviders.php(17): Illuminate\\Foundation\\Application->boot()
#26 /Applications/XAMPP/xamppfiles/htdocs/project/logsnew/core/vendor/laravel/framework/src/Illuminate/Foundation/Application.php(242): Illuminate\\Foundation\\Bootstrap\\BootProviders->bootstrap(Object(Illuminate\\Foundation\\Application))
#27 /Applications/XAMPP/xamppfiles/htdocs/project/logsnew/core/vendor/laravel/framework/src/Illuminate/Foundation/Console/Kernel.php(383): Illuminate\\Foundation\\Application->bootstrapWith(Array)
#28 /Applications/XAMPP/xamppfiles/htdocs/project/logsnew/core/vendor/laravel/framework/src/Illuminate/Foundation/Console/Kernel.php(153): Illuminate\\Foundation\\Console\\Kernel->bootstrap()
#29 /Applications/XAMPP/xamppfiles/htdocs/project/logsnew/core/artisan(35): Illuminate\\Foundation\\Console\\Kernel->handle(Object(Symfony\\Component\\Console\\Input\\ArgvInput), Object(Symfony\\Component\\Console\\Output\\ConsoleOutput))
#30 {main}

[previous exception] [object] (PDOException(code: 2002): SQLSTATE[HY000] [2002] No such file or directory at /Applications/XAMPP/xamppfiles/htdocs/project/logsnew/core/vendor/laravel/framework/src/Illuminate/Database/Connectors/Connector.php:70)
[stacktrace]
#0 /Applications/XAMPP/xamppfiles/htdocs/project/logsnew/core/vendor/laravel/framework/src/Illuminate/Database/Connectors/Connector.php(70): PDO->__construct('mysql:host=loca...', 'root', Object(SensitiveParameterValue), Array)
#1 /Applications/XAMPP/xamppfiles/htdocs/project/logsnew/core/vendor/laravel/framework/src/Illuminate/Database/Connectors/Connector.php(100): Illuminate\\Database\\Connectors\\Connector->createPdoConnection('mysql:host=loca...', 'root', '', Array)
#2 /Applications/XAMPP/xamppfiles/htdocs/project/logsnew/core/vendor/laravel/framework/src/Illuminate/Database/Connectors/Connector.php(49): Illuminate\\Database\\Connectors\\Connector->tryAgainIfCausedByLostConnection(Object(PDOException), 'mysql:host=loca...', 'root', '', Array)
#3 /Applications/XAMPP/xamppfiles/htdocs/project/logsnew/core/vendor/laravel/framework/src/Illuminate/Database/Connectors/MySqlConnector.php(24): Illuminate\\Database\\Connectors\\Connector->createConnection('mysql:host=loca...', Array, Array)
#4 /Applications/XAMPP/xamppfiles/htdocs/project/logsnew/core/vendor/laravel/framework/src/Illuminate/Database/Connectors/ConnectionFactory.php(184): Illuminate\\Database\\Connectors\\MySqlConnector->connect(Array)
#5 [internal function]: Illuminate\\Database\\Connectors\\ConnectionFactory->Illuminate\\Database\\Connectors\\{closure}()
#6 /Applications/XAMPP/xamppfiles/htdocs/project/logsnew/core/vendor/laravel/framework/src/Illuminate/Database/Connection.php(1181): call_user_func(Object(Closure))
#7 /Applications/XAMPP/xamppfiles/htdocs/project/logsnew/core/vendor/laravel/framework/src/Illuminate/Database/Connection.php(1217): Illuminate\\Database\\Connection->getPdo()
#8 /Applications/XAMPP/xamppfiles/htdocs/project/logsnew/core/vendor/laravel/framework/src/Illuminate/Database/Connection.php(486): Illuminate\\Database\\Connection->getReadPdo()
#9 /Applications/XAMPP/xamppfiles/htdocs/project/logsnew/core/vendor/laravel/framework/src/Illuminate/Database/Connection.php(414): Illuminate\\Database\\Connection->getPdoForSelect(true)
#10 /Applications/XAMPP/xamppfiles/htdocs/project/logsnew/core/vendor/laravel/framework/src/Illuminate/Database/Connection.php(753): Illuminate\\Database\\Connection->Illuminate\\Database\\{closure}('select * from `...', Array)
#11 /Applications/XAMPP/xamppfiles/htdocs/project/logsnew/core/vendor/laravel/framework/src/Illuminate/Database/Connection.php(899): Illuminate\\Database\\Connection->runQueryCallback('select * from `...', Array, Object(Closure))
#12 /Applications/XAMPP/xamppfiles/htdocs/project/logsnew/core/vendor/laravel/framework/src/Illuminate/Database/Connection.php(878): Illuminate\\Database\\Connection->tryAgainIfCausedByLostConnection(Object(Illuminate\\Database\\QueryException), 'select * from `...', Array, Object(Closure))
#13 /Applications/XAMPP/xamppfiles/htdocs/project/logsnew/core/vendor/laravel/framework/src/Illuminate/Database/Connection.php(722): Illuminate\\Database\\Connection->handleQueryException(Object(Illuminate\\Database\\QueryException), 'select * from `...', Array, Object(Closure))
#14 /Applications/XAMPP/xamppfiles/htdocs/project/logsnew/core/vendor/laravel/framework/src/Illuminate/Database/Connection.php(405): Illuminate\\Database\\Connection->run('select * from `...', Array, Object(Closure))
#15 /Applications/XAMPP/xamppfiles/htdocs/project/logsnew/core/vendor/laravel/framework/src/Illuminate/Database/Query/Builder.php(2705): Illuminate\\Database\\Connection->select('select * from `...', Array, true)
#16 /Applications/XAMPP/xamppfiles/htdocs/project/logsnew/core/vendor/laravel/framework/src/Illuminate/Database/Query/Builder.php(2694): Illuminate\\Database\\Query\\Builder->runSelect()
#17 /Applications/XAMPP/xamppfiles/htdocs/project/logsnew/core/vendor/laravel/framework/src/Illuminate/Database/Query/Builder.php(3230): Illuminate\\Database\\Query\\Builder->Illuminate\\Database\\Query\\{closure}()
#18 /Applications/XAMPP/xamppfiles/htdocs/project/logsnew/core/vendor/laravel/framework/src/Illuminate/Database/Query/Builder.php(2693): Illuminate\\Database\\Query\\Builder->onceWithColumns(Array, Object(Closure))
#19 /Applications/XAMPP/xamppfiles/htdocs/project/logsnew/core/vendor/laravel/framework/src/Illuminate/Database/Eloquent/Builder.php(710): Illuminate\\Database\\Query\\Builder->get(Array)
#20 /Applications/XAMPP/xamppfiles/htdocs/project/logsnew/core/vendor/laravel/framework/src/Illuminate/Database/Eloquent/Builder.php(694): Illuminate\\Database\\Eloquent\\Builder->getModels(Array)
#21 /Applications/XAMPP/xamppfiles/htdocs/project/logsnew/core/vendor/laravel/framework/src/Illuminate/Database/Concerns/BuildsQueries.php(296): Illuminate\\Database\\Eloquent\\Builder->get(Array)
#22 /Applications/XAMPP/xamppfiles/htdocs/project/logsnew/core/vendor/laravel/framework/src/Illuminate/Support/Traits/ForwardsCalls.php(23): Illuminate\\Database\\Eloquent\\Builder->first()
#23 /Applications/XAMPP/xamppfiles/htdocs/project/logsnew/core/vendor/laravel/framework/src/Illuminate/Database/Eloquent/Model.php(2330): Illuminate\\Database\\Eloquent\\Model->forwardCallTo(Object(Illuminate\\Database\\Eloquent\\Builder), 'first', Array)
#24 /Applications/XAMPP/xamppfiles/htdocs/project/logsnew/core/vendor/laravel/framework/src/Illuminate/Database/Eloquent/Model.php(2342): Illuminate\\Database\\Eloquent\\Model->__call('first', Array)
#25 /Applications/XAMPP/xamppfiles/htdocs/project/logsnew/core/app/Http/Helpers/helpers.php(408): Illuminate\\Database\\Eloquent\\Model::__callStatic('first', Array)
#26 /Applications/XAMPP/xamppfiles/htdocs/project/logsnew/core/app/Providers/AppServiceProvider.php(46): gs()
#27 /Applications/XAMPP/xamppfiles/htdocs/project/logsnew/core/vendor/laravel/framework/src/Illuminate/Container/BoundMethod.php(36): App\\Providers\\AppServiceProvider->boot()
#28 /Applications/XAMPP/xamppfiles/htdocs/project/logsnew/core/vendor/laravel/framework/src/Illuminate/Container/Util.php(41): Illuminate\\Container\\BoundMethod::Illuminate\\Container\\{closure}()
#29 /Applications/XAMPP/xamppfiles/htdocs/project/logsnew/core/vendor/laravel/framework/src/Illuminate/Container/BoundMethod.php(93): Illuminate\\Container\\Util::unwrapIfClosure(Object(Closure))
#30 /Applications/XAMPP/xamppfiles/htdocs/project/logsnew/core/vendor/laravel/framework/src/Illuminate/Container/BoundMethod.php(35): Illuminate\\Container\\BoundMethod::callBoundMethod(Object(Illuminate\\Foundation\\Application), Array, Object(Closure))
#31 /Applications/XAMPP/xamppfiles/htdocs/project/logsnew/core/vendor/laravel/framework/src/Illuminate/Container/Container.php(661): Illuminate\\Container\\BoundMethod::call(Object(Illuminate\\Foundation\\Application), Array, Array, NULL)
#32 /Applications/XAMPP/xamppfiles/htdocs/project/logsnew/core/vendor/laravel/framework/src/Illuminate/Foundation/Application.php(929): Illuminate\\Container\\Container->call(Array)
#33 /Applications/XAMPP/xamppfiles/htdocs/project/logsnew/core/vendor/laravel/framework/src/Illuminate/Foundation/Application.php(910): Illuminate\\Foundation\\Application->bootProvider(Object(App\\Providers\\AppServiceProvider))
#34 [internal function]: Illuminate\\Foundation\\Application->Illuminate\\Foundation\\{closure}(Object(App\\Providers\\AppServiceProvider), 30)
#35 /Applications/XAMPP/xamppfiles/htdocs/project/logsnew/core/vendor/laravel/framework/src/Illuminate/Foundation/Application.php(909): array_walk(Array, Object(Closure))
#36 /Applications/XAMPP/xamppfiles/htdocs/project/logsnew/core/vendor/laravel/framework/src/Illuminate/Foundation/Bootstrap/BootProviders.php(17): Illuminate\\Foundation\\Application->boot()
#37 /Applications/XAMPP/xamppfiles/htdocs/project/logsnew/core/vendor/laravel/framework/src/Illuminate/Foundation/Application.php(242): Illuminate\\Foundation\\Bootstrap\\BootProviders->bootstrap(Object(Illuminate\\Foundation\\Application))
#38 /Applications/XAMPP/xamppfiles/htdocs/project/logsnew/core/vendor/laravel/framework/src/Illuminate/Foundation/Console/Kernel.php(383): Illuminate\\Foundation\\Application->bootstrapWith(Array)
#39 /Applications/XAMPP/xamppfiles/htdocs/project/logsnew/core/vendor/laravel/framework/src/Illuminate/Foundation/Console/Kernel.php(153): Illuminate\\Foundation\\Console\\Kernel->bootstrap()
#40 /Applications/XAMPP/xamppfiles/htdocs/project/logsnew/core/artisan(35): Illuminate\\Foundation\\Console\\Kernel->handle(Object(Symfony\\Component\\Console\\Input\\ArgvInput), Object(Symfony\\Component\\Console\\Output\\ConsoleOutput))
#41 {main}
"} 
